Using TF 1.13.1
Using Python 3.7.2 (default, Dec 20 2019, 13:49:35) 
[GCC 8.2.0]
Loading dataset...
Train Labels:
[[1. 0. 0. 0. 0.]
 [1. 0. 0. 0. 0.]
 [0. 1. 0. 0. 0.]
 [0. 1. 0. 0. 0.]
 [0. 0. 1. 0. 0.]
 [0. 0. 1. 0. 0.]
 [0. 0. 0. 1. 0.]
 [0. 0. 0. 1. 0.]
 [0. 0. 0. 0. 1.]
 [0. 0. 0. 0. 1.]]
Maximum weight in TF 1.13.1 at layer [-14]:
0.051754657
Minimum weight in TF 1.13.1 at layer [-14]:
-0.05175487
Metrics of untrained model on train-set

10/10 [==============================] - 20s 2s/step
['loss', 'acc', 'categorical_crossentropy']
[1.6094096899032593, 0.20000000298023224, 1.6094096899032593]
Predicted labels:
[[0.19995338 0.19998226 0.19983304 0.2002588  0.19997253]
 [0.19995233 0.19998029 0.19982944 0.20026185 0.19997613]
 [0.19994406 0.19997473 0.19979398 0.20031178 0.19997542]
 [0.19994554 0.19996977 0.19980615 0.20031035 0.19996826]
 [0.19995908 0.19997808 0.19983561 0.20025368 0.19997352]
 [0.19995725 0.19997917 0.19983053 0.20025903 0.199974  ]
 [0.19993944 0.19997835 0.1998068  0.20029701 0.19997841]
 [0.19994283 0.19997446 0.19980906 0.20030218 0.19997145]
 [0.19995432 0.19997042 0.19982675 0.20027955 0.199969  ]
 [0.19994524 0.19997714 0.19980009 0.20030469 0.19997281]]
