Using TF 1.13.1
Using Python 3.7.2 (default, Dec 20 2019, 13:49:35) 
[GCC 8.2.0]
Loading dataset...
Train Labels:
[[1. 0. 0. 0. 0.]
 [1. 0. 0. 0. 0.]
 [0. 1. 0. 0. 0.]
 [0. 1. 0. 0. 0.]
 [0. 0. 1. 0. 0.]
 [0. 0. 1. 0. 0.]
 [0. 0. 0. 1. 0.]
 [0. 0. 0. 1. 0.]
 [0. 0. 0. 0. 1.]
 [0. 0. 0. 0. 1.]]
Maximum weight in TF 1.13.1 at layer [-6]:
0.14210553
Minimum weight in TF 1.13.1 at layer [-6]:
-0.14210586
Metrics of untrained model on train-set

10/10 [==============================] - 31s 3s/step
['loss', 'acc', 'categorical_crossentropy']
[12.894475936889648, 0.20000000298023224, 12.894475936889648]
Predicted labels:
[[0. 0. 0. 0. 1.]
 [0. 0. 0. 0. 1.]
 [0. 0. 0. 0. 1.]
 [0. 0. 0. 0. 1.]
 [0. 0. 0. 0. 1.]
 [0. 0. 0. 0. 1.]
 [0. 0. 0. 0. 1.]
 [0. 0. 0. 0. 1.]
 [0. 0. 0. 0. 1.]
 [0. 0. 0. 0. 1.]]
