Using TF 2.4.1
Using Python 3.8.6 (default, Feb 24 2021, 16:45:00) 
[GCC 10.2.0]
Loading dataset...
Train Labels:
[[1. 0. 0. 0. 0.]
 [1. 0. 0. 0. 0.]
 [0. 1. 0. 0. 0.]
 [0. 1. 0. 0. 0.]
 [0. 0. 1. 0. 0.]
 [0. 0. 1. 0. 0.]
 [0. 0. 0. 1. 0.]
 [0. 0. 0. 1. 0.]
 [0. 0. 0. 0. 1.]
 [0. 0. 0. 0. 1.]]
Maximum weight in TF 2.4.1 at layer [-14]:
0.05175473
Minimum weight in TF 2.4.1 at layer [-14]:
-0.051754326
Using TF 2.4.1 initialized Model:
Metrics of untrained model on train-set
['loss', 'acc', 'categorical_crossentropy']
[1.609458565711975, 0.2, 1.6094586]
Predicted labels:
[[0.2002014  0.19981803 0.19992946 0.20003793 0.20001316]
 [0.20019948 0.1998185  0.19992934 0.20004055 0.20001216]
 [0.20022285 0.19978781 0.19993126 0.20005319 0.20000492]
 [0.20022613 0.19979808 0.1999255  0.20004177 0.20000854]
 [0.20019701 0.19982238 0.19992627 0.2000389  0.20001546]
 [0.20019986 0.19981717 0.19992687 0.20004101 0.20001513]
 [0.20021546 0.19979995 0.19992955 0.20004828 0.20000672]
 [0.20021817 0.1998014  0.1999232  0.2000483  0.20000894]
 [0.2002076  0.19981313 0.19992872 0.20003733 0.2000132 ]
 [0.20021258 0.19980305 0.19992837 0.20004648 0.20000952]]
Using TF 1.13.1 initialized Model:
Metrics of untrained model on train-set
['loss', 'acc', 'categorical_crossentropy']
[1.6094095706939697, 0.2, 1.6094096]
Predicted labels:
[[0.19995339 0.19998229 0.19983304 0.2002588  0.19997253]
 [0.19995233 0.19998029 0.19982943 0.20026182 0.1999761 ]
 [0.19994406 0.19997473 0.19979398 0.20031178 0.19997543]
 [0.19994552 0.19996974 0.19980612 0.20031033 0.19996826]
 [0.19995908 0.19997808 0.19983561 0.20025368 0.19997352]
 [0.19995725 0.19997917 0.19983053 0.20025903 0.199974  ]
 [0.19993944 0.19997837 0.1998068  0.20029701 0.19997841]
 [0.19994283 0.19997446 0.19980906 0.20030218 0.19997145]
 [0.19995432 0.19997042 0.19982675 0.20027955 0.199969  ]
 [0.19994524 0.19997714 0.1998001  0.20030469 0.19997281]]
Standalone CategoricalCrossEntropy
1.6094096
