Using TF 2.4.1
Using Python 3.8.6 (default, Feb 24 2021, 16:45:00) 
[GCC 10.2.0]
Loading dataset...
Train Labels:
[[1. 0. 0. 0. 0.]
 [1. 0. 0. 0. 0.]
 [0. 1. 0. 0. 0.]
 [0. 1. 0. 0. 0.]
 [0. 0. 1. 0. 0.]
 [0. 0. 1. 0. 0.]
 [0. 0. 0. 1. 0.]
 [0. 0. 0. 1. 0.]
 [0. 0. 0. 0. 1.]
 [0. 0. 0. 0. 1.]]
Maximum weight in TF 2.4.1 at layer [-6]:
0.04841218
Minimum weight in TF 2.4.1 at layer [-6]:
-0.048412237
Using TF 2.4.1 initialized Model:
Metrics of untrained model on train-set
['loss', 'acc', 'categorical_crossentropy']
[1.6103084087371826, 0.2, 1.6103084]
Predicted labels:
[[0.21295235 0.20545582 0.18385461 0.20635824 0.19137904]
 [0.2133063  0.2054722  0.1837101  0.20643716 0.19107425]
 [0.21619084 0.20604505 0.17947291 0.20876499 0.18952619]
 [0.21549645 0.2056046  0.18059513 0.20855528 0.18974847]
 [0.21269064 0.20541722 0.1843685  0.20597689 0.19154674]
 [0.21312839 0.20541504 0.18382868 0.20631833 0.19130953]
 [0.2146047  0.20518558 0.1818129  0.20762347 0.1907733 ]
 [0.21498138 0.20540228 0.18178755 0.20735095 0.19047788]
 [0.21430677 0.20566276 0.18241045 0.2070241  0.19059591]
 [0.21579248 0.20595358 0.18006203 0.20850295 0.18968897]]
Using TF 1.13.1 initialized Model:
Metrics of untrained model on train-set
['loss', 'acc', 'categorical_crossentropy']
[742.0450439453125, 0.2, 742.04504]
Predicted labels:
[[0. 0. 0. 0. 1.]
 [0. 0. 0. 0. 1.]
 [0. 0. 0. 0. 1.]
 [0. 0. 0. 0. 1.]
 [0. 0. 0. 0. 1.]
 [0. 0. 0. 0. 1.]
 [0. 0. 0. 0. 1.]
 [0. 0. 0. 0. 1.]
 [0. 0. 0. 0. 1.]
 [0. 0. 0. 0. 1.]]
Standalone CategoricalCrossEntropy
12.894476
