Using TF 2.4.1
Using Python 3.8.6 (default, Feb 24 2021, 16:45:00) 
[GCC 10.2.0]
Loading dataset...
Train Labels:
[[1. 0. 0. 0. 0.]
 [1. 0. 0. 0. 0.]
 [0. 1. 0. 0. 0.]
 [0. 1. 0. 0. 0.]
 [0. 0. 1. 0. 0.]
 [0. 0. 1. 0. 0.]
 [0. 0. 0. 1. 0.]
 [0. 0. 0. 1. 0.]
 [0. 0. 0. 0. 1.]
 [0. 0. 0. 0. 1.]]
Maximum weight in TF 2.4.1 at layer [-6]:
0.048412204
Minimum weight in TF 2.4.1 at layer [-6]:
-0.04841225
Using TF 2.4.1 initialized Model:
Metrics of untrained model on train-set
['loss', 'acc', 'categorical_crossentropy']
[1.6100919246673584, 0.2, 1.6100919]
Predicted labels:
[[0.1871653  0.19799286 0.20255841 0.19449672 0.21778677]
 [0.18706323 0.19768752 0.20252839 0.1946065  0.21811435]
 [0.18516678 0.19695385 0.2029792  0.19308184 0.22181834]
 [0.18505837 0.19701207 0.20323706 0.19331183 0.22138073]
 [0.18750931 0.19777755 0.20272312 0.19447163 0.21751834]
 [0.18741843 0.1975652  0.2026871  0.19442898 0.21790032]
 [0.18572325 0.19742206 0.20290533 0.19404992 0.21989949]
 [0.18583459 0.19731696 0.20287554 0.19383003 0.22014284]
 [0.18631412 0.19739684 0.20297188 0.19431648 0.21900065]
 [0.18515472 0.1969927  0.20322694 0.19337802 0.2212476 ]]
Using TF 1.13.1 initialized Model:
Metrics of untrained model on train-set
['loss', 'acc', 'categorical_crossentropy']
[742.044921875, 0.2, 742.0449]
Predicted labels:
[[0. 0. 0. 0. 1.]
 [0. 0. 0. 0. 1.]
 [0. 0. 0. 0. 1.]
 [0. 0. 0. 0. 1.]
 [0. 0. 0. 0. 1.]
 [0. 0. 0. 0. 1.]
 [0. 0. 0. 0. 1.]
 [0. 0. 0. 0. 1.]
 [0. 0. 0. 0. 1.]
 [0. 0. 0. 0. 1.]]
Standalone CategoricalCrossEntropy
12.894476
