Using TF 2.4.1
Using Python 3.8.6 (default, Feb 24 2021, 16:45:00) 
[GCC 10.2.0]
Loading dataset...
Train Labels:
[[1. 0. 0. 0. 0.]
 [1. 0. 0. 0. 0.]
 [0. 1. 0. 0. 0.]
 [0. 1. 0. 0. 0.]
 [0. 0. 1. 0. 0.]
 [0. 0. 1. 0. 0.]
 [0. 0. 0. 1. 0.]
 [0. 0. 0. 1. 0.]
 [0. 0. 0. 0. 1.]
 [0. 0. 0. 0. 1.]]
Maximum weight in TF 2.4.1 at layer [-14]:
0.051754694
Minimum weight in TF 2.4.1 at layer [-14]:
-0.051754657
Using TF 2.4.1 initialized Model:
Metrics of untrained model on train-set
['loss', 'acc', 'categorical_crossentropy']
[1.6094558238983154, 0.2, 1.6094558]
Predicted labels:
[[0.19994804 0.20009269 0.2002122  0.19973977 0.20000727]
 [0.19994828 0.20009337 0.20021485 0.19973558 0.20000796]
 [0.19992502 0.20010479 0.20027335 0.19967529 0.20002155]
 [0.19992496 0.20009874 0.20026883 0.19968171 0.20002575]
 [0.19993983 0.20009191 0.20021228 0.19974671 0.20000924]
 [0.19994104 0.20009553 0.20021775 0.19973546 0.20001017]
 [0.19993894 0.20009565 0.20024195 0.19970594 0.20001747]
 [0.19993755 0.20009564 0.20024933 0.19970042 0.20001702]
 [0.19993863 0.20009528 0.20023721 0.1997152  0.20001368]
 [0.19993144 0.20010081 0.20026262 0.19969028 0.2000148 ]]
Using TF 1.13.1 initialized Model:
Metrics of untrained model on train-set
['loss', 'acc', 'categorical_crossentropy']
[1.6094095706939697, 0.2, 1.6094096]
Predicted labels:
[[0.19995339 0.19998229 0.19983304 0.2002588  0.19997253]
 [0.19995233 0.19998029 0.19982943 0.20026182 0.1999761 ]
 [0.19994406 0.19997473 0.19979398 0.20031178 0.19997543]
 [0.19994552 0.19996974 0.19980612 0.20031033 0.19996826]
 [0.19995908 0.19997808 0.19983561 0.20025368 0.19997352]
 [0.19995725 0.19997917 0.19983053 0.20025903 0.199974  ]
 [0.19993944 0.19997837 0.1998068  0.20029701 0.19997841]
 [0.19994283 0.19997446 0.19980906 0.20030218 0.19997145]
 [0.19995432 0.19997042 0.19982675 0.20027955 0.199969  ]
 [0.19994524 0.19997714 0.1998001  0.20030469 0.19997281]]
Standalone CategoricalCrossEntropy
1.6094096
